{"C:\\task-manager-api\\server.js": {"path":"C:\\task-manager-api\\server.js","statementMap":{"0":{"start":{"line":1,"column":16},"end":{"line":1,"column":34}},"1":{"start":{"line":2,"column":16},"end":{"line":2,"column":44}},"2":{"start":{"line":3,"column":13},"end":{"line":3,"column":28}},"3":{"start":{"line":5,"column":12},"end":{"line":5,"column":21}},"4":{"start":{"line":6,"column":13},"end":{"line":6,"column":17}},"5":{"start":{"line":9,"column":11},"end":{"line":14,"column":2}},"6":{"start":{"line":10,"column":2},"end":{"line":10,"column":69}},"7":{"start":{"line":10,"column":11},"end":{"line":10,"column":69}},"8":{"start":{"line":11,"column":2},"end":{"line":13,"column":3}},"9":{"start":{"line":12,"column":4},"end":{"line":12,"column":49}},"10":{"start":{"line":17,"column":0},"end":{"line":17,"column":46}},"11":{"start":{"line":19,"column":0},"end":{"line":21,"column":3}},"12":{"start":{"line":20,"column":2},"end":{"line":20,"column":51}},"13":{"start":{"line":24,"column":0},"end":{"line":31,"column":3}},"14":{"start":{"line":33,"column":0},"end":{"line":33,"column":24}},"15":{"start":{"line":36,"column":0},"end":{"line":41,"column":3}},"16":{"start":{"line":37,"column":2},"end":{"line":40,"column":5}},"17":{"start":{"line":38,"column":4},"end":{"line":38,"column":65}},"18":{"start":{"line":38,"column":13},"end":{"line":38,"column":65}},"19":{"start":{"line":39,"column":4},"end":{"line":39,"column":19}},"20":{"start":{"line":44,"column":0},"end":{"line":50,"column":3}},"21":{"start":{"line":45,"column":2},"end":{"line":49,"column":5}},"22":{"start":{"line":46,"column":4},"end":{"line":46,"column":65}},"23":{"start":{"line":46,"column":13},"end":{"line":46,"column":65}},"24":{"start":{"line":47,"column":4},"end":{"line":47,"column":71}},"25":{"start":{"line":47,"column":14},"end":{"line":47,"column":71}},"26":{"start":{"line":48,"column":4},"end":{"line":48,"column":18}},"27":{"start":{"line":53,"column":0},"end":{"line":62,"column":3}},"28":{"start":{"line":54,"column":33},"end":{"line":54,"column":41}},"29":{"start":{"line":55,"column":2},"end":{"line":55,"column":74}},"30":{"start":{"line":55,"column":14},"end":{"line":55,"column":74}},"31":{"start":{"line":56,"column":2},"end":{"line":61,"column":7}},"32":{"start":{"line":59,"column":6},"end":{"line":59,"column":67}},"33":{"start":{"line":59,"column":15},"end":{"line":59,"column":67}},"34":{"start":{"line":60,"column":6},"end":{"line":60,"column":82}},"35":{"start":{"line":65,"column":0},"end":{"line":74,"column":3}},"36":{"start":{"line":66,"column":44},"end":{"line":66,"column":52}},"37":{"start":{"line":67,"column":2},"end":{"line":73,"column":7}},"38":{"start":{"line":70,"column":6},"end":{"line":70,"column":67}},"39":{"start":{"line":70,"column":15},"end":{"line":70,"column":67}},"40":{"start":{"line":71,"column":6},"end":{"line":71,"column":87}},"41":{"start":{"line":71,"column":30},"end":{"line":71,"column":87}},"42":{"start":{"line":72,"column":6},"end":{"line":72,"column":44}},"43":{"start":{"line":77,"column":0},"end":{"line":84,"column":3}},"44":{"start":{"line":78,"column":2},"end":{"line":83,"column":7}},"45":{"start":{"line":80,"column":6},"end":{"line":80,"column":67}},"46":{"start":{"line":80,"column":15},"end":{"line":80,"column":67}},"47":{"start":{"line":81,"column":6},"end":{"line":81,"column":87}},"48":{"start":{"line":81,"column":30},"end":{"line":81,"column":87}},"49":{"start":{"line":82,"column":6},"end":{"line":82,"column":44}},"50":{"start":{"line":87,"column":0},"end":{"line":89,"column":1}},"51":{"start":{"line":88,"column":2},"end":{"line":88,"column":72}},"52":{"start":{"line":88,"column":25},"end":{"line":88,"column":70}},"53":{"start":{"line":91,"column":0},"end":{"line":91,"column":29}}},"fnMap":{"0":{"name":"(anonymous_0)","decl":{"start":{"line":9,"column":46},"end":{"line":9,"column":47}},"loc":{"start":{"line":9,"column":55},"end":{"line":14,"column":1}},"line":9},"1":{"name":"(anonymous_1)","decl":{"start":{"line":19,"column":13},"end":{"line":19,"column":14}},"loc":{"start":{"line":19,"column":27},"end":{"line":21,"column":1}},"line":19},"2":{"name":"(anonymous_2)","decl":{"start":{"line":36,"column":22},"end":{"line":36,"column":23}},"loc":{"start":{"line":36,"column":36},"end":{"line":41,"column":1}},"line":36},"3":{"name":"(anonymous_3)","decl":{"start":{"line":37,"column":36},"end":{"line":37,"column":37}},"loc":{"start":{"line":37,"column":51},"end":{"line":40,"column":3}},"line":37},"4":{"name":"(anonymous_4)","decl":{"start":{"line":44,"column":26},"end":{"line":44,"column":27}},"loc":{"start":{"line":44,"column":40},"end":{"line":50,"column":1}},"line":44},"5":{"name":"(anonymous_5)","decl":{"start":{"line":45,"column":62},"end":{"line":45,"column":63}},"loc":{"start":{"line":45,"column":76},"end":{"line":49,"column":3}},"line":45},"6":{"name":"(anonymous_6)","decl":{"start":{"line":53,"column":23},"end":{"line":53,"column":24}},"loc":{"start":{"line":53,"column":37},"end":{"line":62,"column":1}},"line":53},"7":{"name":"(anonymous_7)","decl":{"start":{"line":58,"column":4},"end":{"line":58,"column":5}},"loc":{"start":{"line":58,"column":19},"end":{"line":61,"column":5}},"line":58},"8":{"name":"(anonymous_8)","decl":{"start":{"line":65,"column":26},"end":{"line":65,"column":27}},"loc":{"start":{"line":65,"column":40},"end":{"line":74,"column":1}},"line":65},"9":{"name":"(anonymous_9)","decl":{"start":{"line":69,"column":4},"end":{"line":69,"column":5}},"loc":{"start":{"line":69,"column":19},"end":{"line":73,"column":5}},"line":69},"10":{"name":"(anonymous_10)","decl":{"start":{"line":77,"column":29},"end":{"line":77,"column":30}},"loc":{"start":{"line":77,"column":43},"end":{"line":84,"column":1}},"line":77},"11":{"name":"(anonymous_11)","decl":{"start":{"line":79,"column":4},"end":{"line":79,"column":5}},"loc":{"start":{"line":79,"column":19},"end":{"line":83,"column":5}},"line":79},"12":{"name":"(anonymous_12)","decl":{"start":{"line":88,"column":19},"end":{"line":88,"column":20}},"loc":{"start":{"line":88,"column":25},"end":{"line":88,"column":70}},"line":88}},"branchMap":{"0":{"loc":{"start":{"line":10,"column":2},"end":{"line":10,"column":69}},"type":"if","locations":[{"start":{"line":10,"column":2},"end":{"line":10,"column":69}},{"start":{},"end":{}}],"line":10},"1":{"loc":{"start":{"line":11,"column":2},"end":{"line":13,"column":3}},"type":"if","locations":[{"start":{"line":11,"column":2},"end":{"line":13,"column":3}},{"start":{},"end":{}}],"line":11},"2":{"loc":{"start":{"line":38,"column":4},"end":{"line":38,"column":65}},"type":"if","locations":[{"start":{"line":38,"column":4},"end":{"line":38,"column":65}},{"start":{},"end":{}}],"line":38},"3":{"loc":{"start":{"line":46,"column":4},"end":{"line":46,"column":65}},"type":"if","locations":[{"start":{"line":46,"column":4},"end":{"line":46,"column":65}},{"start":{},"end":{}}],"line":46},"4":{"loc":{"start":{"line":47,"column":4},"end":{"line":47,"column":71}},"type":"if","locations":[{"start":{"line":47,"column":4},"end":{"line":47,"column":71}},{"start":{},"end":{}}],"line":47},"5":{"loc":{"start":{"line":55,"column":2},"end":{"line":55,"column":74}},"type":"if","locations":[{"start":{"line":55,"column":2},"end":{"line":55,"column":74}},{"start":{},"end":{}}],"line":55},"6":{"loc":{"start":{"line":59,"column":6},"end":{"line":59,"column":67}},"type":"if","locations":[{"start":{"line":59,"column":6},"end":{"line":59,"column":67}},{"start":{},"end":{}}],"line":59},"7":{"loc":{"start":{"line":70,"column":6},"end":{"line":70,"column":67}},"type":"if","locations":[{"start":{"line":70,"column":6},"end":{"line":70,"column":67}},{"start":{},"end":{}}],"line":70},"8":{"loc":{"start":{"line":71,"column":6},"end":{"line":71,"column":87}},"type":"if","locations":[{"start":{"line":71,"column":6},"end":{"line":71,"column":87}},{"start":{},"end":{}}],"line":71},"9":{"loc":{"start":{"line":80,"column":6},"end":{"line":80,"column":67}},"type":"if","locations":[{"start":{"line":80,"column":6},"end":{"line":80,"column":67}},{"start":{},"end":{}}],"line":80},"10":{"loc":{"start":{"line":81,"column":6},"end":{"line":81,"column":87}},"type":"if","locations":[{"start":{"line":81,"column":6},"end":{"line":81,"column":87}},{"start":{},"end":{}}],"line":81},"11":{"loc":{"start":{"line":87,"column":0},"end":{"line":89,"column":1}},"type":"if","locations":[{"start":{"line":87,"column":0},"end":{"line":89,"column":1}},{"start":{},"end":{}}],"line":87}},"s":{"0":3,"1":3,"2":3,"3":3,"4":3,"5":3,"6":3,"7":0,"8":3,"9":0,"10":3,"11":3,"12":0,"13":3,"14":3,"15":3,"16":1,"17":1,"18":0,"19":1,"20":3,"21":4,"22":4,"23":0,"24":4,"25":2,"26":2,"27":3,"28":3,"29":3,"30":1,"31":2,"32":2,"33":0,"34":2,"35":3,"36":2,"37":2,"38":2,"39":0,"40":2,"41":1,"42":1,"43":3,"44":2,"45":2,"46":0,"47":2,"48":1,"49":1,"50":3,"51":0,"52":0,"53":3},"f":{"0":3,"1":0,"2":1,"3":1,"4":4,"5":4,"6":3,"7":2,"8":2,"9":2,"10":2,"11":2,"12":0},"b":{"0":[0,3],"1":[0,3],"2":[0,1],"3":[0,4],"4":[2,2],"5":[1,2],"6":[0,2],"7":[0,2],"8":[1,1],"9":[0,2],"10":[1,1],"11":[0,3]},"_coverageSchema":"1a1c01bbd47fc00a2c39e90264f33305004495a9","hash":"334481bd92e24fcecce4c631b5332296ae09d1ef"}
}
