TN:
SF:server.js
FN:9,(anonymous_0)
FN:19,(anonymous_1)
FN:36,(anonymous_2)
FN:37,(anonymous_3)
FN:44,(anonymous_4)
FN:45,(anonymous_5)
FN:53,(anonymous_6)
FN:58,(anonymous_7)
FN:65,(anonymous_8)
FN:69,(anonymous_9)
FN:77,(anonymous_10)
FN:79,(anonymous_11)
FN:88,(anonymous_12)
FNF:13
FNH:11
FNDA:3,(anonymous_0)
FNDA:0,(anonymous_1)
FNDA:1,(anonymous_2)
FNDA:1,(anonymous_3)
FNDA:4,(anonymous_4)
FNDA:4,(anonymous_5)
FNDA:3,(anonymous_6)
FNDA:2,(anonymous_7)
FNDA:2,(anonymous_8)
FNDA:2,(anonymous_9)
FNDA:2,(anonymous_10)
FNDA:2,(anonymous_11)
FNDA:0,(anonymous_12)
DA:1,3
DA:2,3
DA:3,3
DA:5,3
DA:6,3
DA:9,3
DA:10,3
DA:11,3
DA:12,0
DA:17,3
DA:19,3
DA:20,0
DA:24,3
DA:33,3
DA:36,3
DA:37,1
DA:38,1
DA:39,1
DA:44,3
DA:45,4
DA:46,4
DA:47,4
DA:48,2
DA:53,3
DA:54,3
DA:55,3
DA:56,2
DA:59,2
DA:60,2
DA:65,3
DA:66,2
DA:67,2
DA:70,2
DA:71,2
DA:72,1
DA:77,3
DA:78,2
DA:80,2
DA:81,2
DA:82,1
DA:87,3
DA:88,0
DA:91,3
LF:43
LH:40
BRDA:10,0,0,0
BRDA:10,0,1,3
BRDA:11,1,0,0
BRDA:11,1,1,3
BRDA:38,2,0,0
BRDA:38,2,1,1
BRDA:46,3,0,0
BRDA:46,3,1,4
BRDA:47,4,0,2
BRDA:47,4,1,2
BRDA:55,5,0,1
BRDA:55,5,1,2
BRDA:59,6,0,0
BRDA:59,6,1,2
BRDA:70,7,0,0
BRDA:70,7,1,2
BRDA:71,8,0,1
BRDA:71,8,1,1
BRDA:80,9,0,0
BRDA:80,9,1,2
BRDA:81,10,0,1
BRDA:81,10,1,1
BRDA:87,11,0,0
BRDA:87,11,1,3
BRF:24
BRH:16
end_of_record
